mode: set
job-statistics-api/internal/repository/company_repository.go:12.58,14.2 1 1
job-statistics-api/internal/repository/company_repository.go:17.64,21.16 3 1
job-statistics-api/internal/repository/company_repository.go:21.16,23.3 1 1
job-statistics-api/internal/repository/company_repository.go:24.2,27.18 3 1
job-statistics-api/internal/repository/company_repository.go:27.18,29.95 2 1
job-statistics-api/internal/repository/company_repository.go:29.95,31.4 1 0
job-statistics-api/internal/repository/company_repository.go:32.3,32.35 1 1
job-statistics-api/internal/repository/company_repository.go:35.2,35.23 1 1
job-statistics-api/internal/repository/company_repository.go:39.70,44.16 4 1
job-statistics-api/internal/repository/company_repository.go:44.16,46.3 1 1
job-statistics-api/internal/repository/company_repository.go:48.2,48.16 1 1
job-statistics-api/internal/repository/company_repository.go:52.61,56.16 3 1
job-statistics-api/internal/repository/company_repository.go:56.16,58.3 1 1
job-statistics-api/internal/repository/company_repository.go:60.2,61.16 2 1
job-statistics-api/internal/repository/company_repository.go:61.16,63.3 1 0
job-statistics-api/internal/repository/company_repository.go:65.2,66.12 2 1
job-statistics-api/internal/repository/company_repository.go:70.61,75.2 3 1
job-statistics-api/internal/repository/company_repository.go:78.50,83.2 3 1
job-statistics-api/internal/repository/job_repository.go:12.50,14.2 1 1
job-statistics-api/internal/repository/job_repository.go:17.56,24.16 3 1
job-statistics-api/internal/repository/job_repository.go:24.16,26.3 1 1
job-statistics-api/internal/repository/job_repository.go:27.2,30.18 3 1
job-statistics-api/internal/repository/job_repository.go:30.18,35.86 2 1
job-statistics-api/internal/repository/job_repository.go:35.86,37.4 1 0
job-statistics-api/internal/repository/job_repository.go:38.3,38.25 1 1
job-statistics-api/internal/repository/job_repository.go:41.2,41.18 1 1
job-statistics-api/internal/repository/job_repository.go:45.62,56.16 4 1
job-statistics-api/internal/repository/job_repository.go:56.16,58.3 1 1
job-statistics-api/internal/repository/job_repository.go:60.2,60.16 1 1
job-statistics-api/internal/repository/job_repository.go:64.53,74.16 3 1
job-statistics-api/internal/repository/job_repository.go:74.16,76.3 1 1
job-statistics-api/internal/repository/job_repository.go:78.2,79.16 2 1
job-statistics-api/internal/repository/job_repository.go:79.16,81.3 1 0
job-statistics-api/internal/repository/job_repository.go:83.2,84.12 2 1
job-statistics-api/internal/repository/job_repository.go:88.53,99.2 3 1
job-statistics-api/internal/repository/job_repository.go:102.46,107.2 3 1
job-statistics-api/internal/repository/location_repository.go:12.60,14.2 1 0
job-statistics-api/internal/repository/location_repository.go:17.66,21.16 3 0
job-statistics-api/internal/repository/location_repository.go:21.16,23.3 1 0
job-statistics-api/internal/repository/location_repository.go:24.2,27.18 3 0
job-statistics-api/internal/repository/location_repository.go:27.18,29.92 2 0
job-statistics-api/internal/repository/location_repository.go:29.92,31.4 1 0
job-statistics-api/internal/repository/location_repository.go:32.3,32.35 1 0
job-statistics-api/internal/repository/location_repository.go:35.2,35.23 1 0
job-statistics-api/internal/repository/location_repository.go:39.79,43.16 3 0
job-statistics-api/internal/repository/location_repository.go:43.16,45.3 1 0
job-statistics-api/internal/repository/location_repository.go:46.2,49.18 3 0
job-statistics-api/internal/repository/location_repository.go:49.18,51.92 2 0
job-statistics-api/internal/repository/location_repository.go:51.92,53.4 1 0
job-statistics-api/internal/repository/location_repository.go:54.3,54.35 1 0
job-statistics-api/internal/repository/location_repository.go:57.2,57.23 1 0
job-statistics-api/internal/repository/location_repository.go:61.63,65.16 3 0
job-statistics-api/internal/repository/location_repository.go:65.16,67.3 1 0
job-statistics-api/internal/repository/location_repository.go:69.2,70.16 2 0
job-statistics-api/internal/repository/location_repository.go:70.16,72.3 1 0
job-statistics-api/internal/repository/location_repository.go:74.2,75.12 2 0
job-statistics-api/internal/repository/location_repository.go:79.63,84.2 3 0
job-statistics-api/internal/repository/location_repository.go:87.51,92.2 3 0
job-statistics-api/internal/repository/skill_repository.go:12.54,14.2 1 0
job-statistics-api/internal/repository/skill_repository.go:17.60,21.16 3 0
job-statistics-api/internal/repository/skill_repository.go:21.16,23.3 1 0
job-statistics-api/internal/repository/skill_repository.go:24.2,27.18 3 0
job-statistics-api/internal/repository/skill_repository.go:27.18,29.78 2 0
job-statistics-api/internal/repository/skill_repository.go:29.78,31.4 1 0
job-statistics-api/internal/repository/skill_repository.go:32.3,32.29 1 0
job-statistics-api/internal/repository/skill_repository.go:35.2,35.20 1 0
job-statistics-api/internal/repository/skill_repository.go:39.66,44.16 4 0
job-statistics-api/internal/repository/skill_repository.go:44.16,46.3 1 0
job-statistics-api/internal/repository/skill_repository.go:48.2,48.16 1 0
job-statistics-api/internal/repository/skill_repository.go:52.57,56.16 3 0
job-statistics-api/internal/repository/skill_repository.go:56.16,58.3 1 0
job-statistics-api/internal/repository/skill_repository.go:60.2,61.16 2 0
job-statistics-api/internal/repository/skill_repository.go:61.16,63.3 1 0
job-statistics-api/internal/repository/skill_repository.go:65.2,66.12 2 0
job-statistics-api/internal/repository/skill_repository.go:70.57,75.2 3 0
job-statistics-api/internal/repository/skill_repository.go:78.48,83.2 3 0
job-statistics-api/internal/repository/stats_repository.go:12.54,14.2 1 0
job-statistics-api/internal/repository/stats_repository.go:17.78,34.16 3 0
job-statistics-api/internal/repository/stats_repository.go:34.16,36.3 1 0
job-statistics-api/internal/repository/stats_repository.go:37.2,40.18 3 0
job-statistics-api/internal/repository/stats_repository.go:40.18,42.112 2 0
job-statistics-api/internal/repository/stats_repository.go:42.112,44.4 1 0
job-statistics-api/internal/repository/stats_repository.go:45.3,45.29 1 0
job-statistics-api/internal/repository/stats_repository.go:48.2,48.20 1 0
job-statistics-api/internal/repository/stats_repository.go:52.92,68.16 3 0
job-statistics-api/internal/repository/stats_repository.go:68.16,70.3 1 0
job-statistics-api/internal/repository/stats_repository.go:71.2,74.18 3 0
job-statistics-api/internal/repository/stats_repository.go:74.18,76.78 2 0
job-statistics-api/internal/repository/stats_repository.go:76.78,78.4 1 0
job-statistics-api/internal/repository/stats_repository.go:79.3,79.34 1 0
job-statistics-api/internal/repository/stats_repository.go:82.2,82.22 1 0
job-statistics-api/internal/repository/stats_repository.go:86.77,100.16 3 0
job-statistics-api/internal/repository/stats_repository.go:100.16,102.3 1 0
job-statistics-api/internal/repository/stats_repository.go:103.2,106.18 3 0
job-statistics-api/internal/repository/stats_repository.go:106.18,108.70 2 0
job-statistics-api/internal/repository/stats_repository.go:108.70,110.4 1 0
job-statistics-api/internal/repository/stats_repository.go:111.3,111.33 1 0
job-statistics-api/internal/repository/stats_repository.go:114.2,114.21 1 0
job-statistics-api/internal/repository/stats_repository.go:118.76,136.16 3 0
job-statistics-api/internal/repository/stats_repository.go:136.16,138.3 1 0
job-statistics-api/internal/repository/stats_repository.go:139.2,142.18 3 0
job-statistics-api/internal/repository/stats_repository.go:142.18,144.151 2 0
job-statistics-api/internal/repository/stats_repository.go:144.151,146.4 1 0
job-statistics-api/internal/repository/stats_repository.go:147.3,147.28 1 0
job-statistics-api/internal/repository/stats_repository.go:150.2,150.19 1 0
job-statistics-api/internal/repository/stats_repository.go:154.78,173.16 3 0
job-statistics-api/internal/repository/stats_repository.go:173.16,175.3 1 0
job-statistics-api/internal/repository/stats_repository.go:176.2,179.18 3 0
job-statistics-api/internal/repository/stats_repository.go:179.18,181.124 2 0
job-statistics-api/internal/repository/stats_repository.go:181.124,183.4 1 0
job-statistics-api/internal/repository/stats_repository.go:184.3,184.28 1 0
job-statistics-api/internal/repository/stats_repository.go:187.2,187.19 1 0
job-statistics-api/internal/repository/stats_repository.go:191.78,210.16 3 0
job-statistics-api/internal/repository/stats_repository.go:210.16,212.3 1 0
job-statistics-api/internal/repository/stats_repository.go:213.2,216.18 3 0
job-statistics-api/internal/repository/stats_repository.go:216.18,218.112 2 0
job-statistics-api/internal/repository/stats_repository.go:218.112,220.4 1 0
job-statistics-api/internal/repository/stats_repository.go:221.3,221.28 1 0
job-statistics-api/internal/repository/stats_repository.go:224.2,224.19 1 0
job-statistics-api/internal/handlers/company_handler.go:18.84,20.2 1 1
job-statistics-api/internal/handlers/company_handler.go:23.73,25.16 2 1
job-statistics-api/internal/handlers/company_handler.go:25.16,28.3 2 1
job-statistics-api/internal/handlers/company_handler.go:30.2,31.38 2 1
job-statistics-api/internal/handlers/company_handler.go:35.74,38.16 3 1
job-statistics-api/internal/handlers/company_handler.go:38.16,41.3 2 1
job-statistics-api/internal/handlers/company_handler.go:43.2,44.16 2 1
job-statistics-api/internal/handlers/company_handler.go:44.16,45.27 1 1
job-statistics-api/internal/handlers/company_handler.go:45.27,48.4 2 1
job-statistics-api/internal/handlers/company_handler.go:49.3,50.9 2 1
job-statistics-api/internal/handlers/company_handler.go:53.2,54.36 2 1
job-statistics-api/internal/handlers/company_handler.go:58.73,60.65 2 1
job-statistics-api/internal/handlers/company_handler.go:60.65,63.3 2 1
job-statistics-api/internal/handlers/company_handler.go:65.2,65.48 1 1
job-statistics-api/internal/handlers/company_handler.go:65.48,68.3 2 1
job-statistics-api/internal/handlers/company_handler.go:70.2,72.36 3 1
job-statistics-api/internal/handlers/company_handler.go:76.73,79.16 3 0
job-statistics-api/internal/handlers/company_handler.go:79.16,82.3 2 0
job-statistics-api/internal/handlers/company_handler.go:84.2,85.65 2 0
job-statistics-api/internal/handlers/company_handler.go:85.65,88.3 2 0
job-statistics-api/internal/handlers/company_handler.go:90.2,91.48 2 0
job-statistics-api/internal/handlers/company_handler.go:91.48,94.3 2 0
job-statistics-api/internal/handlers/company_handler.go:96.2,97.36 2 0
job-statistics-api/internal/handlers/company_handler.go:101.73,104.16 3 1
job-statistics-api/internal/handlers/company_handler.go:104.16,107.3 2 1
job-statistics-api/internal/handlers/company_handler.go:109.2,109.42 1 1
job-statistics-api/internal/handlers/company_handler.go:109.42,112.3 2 1
job-statistics-api/internal/handlers/company_handler.go:114.2,114.37 1 1
job-statistics-api/internal/handlers/job_handler.go:18.72,20.2 1 1
job-statistics-api/internal/handlers/job_handler.go:23.69,25.16 2 1
job-statistics-api/internal/handlers/job_handler.go:25.16,28.3 2 1
job-statistics-api/internal/handlers/job_handler.go:30.2,31.33 2 1
job-statistics-api/internal/handlers/job_handler.go:35.70,38.16 3 1
job-statistics-api/internal/handlers/job_handler.go:38.16,41.3 2 1
job-statistics-api/internal/handlers/job_handler.go:43.2,44.16 2 1
job-statistics-api/internal/handlers/job_handler.go:44.16,45.27 1 1
job-statistics-api/internal/handlers/job_handler.go:45.27,48.4 2 1
job-statistics-api/internal/handlers/job_handler.go:49.3,50.9 2 1
job-statistics-api/internal/handlers/job_handler.go:53.2,54.32 2 1
job-statistics-api/internal/handlers/job_handler.go:58.69,60.61 2 1
job-statistics-api/internal/handlers/job_handler.go:60.61,63.3 2 1
job-statistics-api/internal/handlers/job_handler.go:65.2,65.44 1 1
job-statistics-api/internal/handlers/job_handler.go:65.44,68.3 2 1
job-statistics-api/internal/handlers/job_handler.go:70.2,72.32 3 1
job-statistics-api/internal/handlers/job_handler.go:76.69,79.16 3 1
job-statistics-api/internal/handlers/job_handler.go:79.16,82.3 2 1
job-statistics-api/internal/handlers/job_handler.go:84.2,85.61 2 1
job-statistics-api/internal/handlers/job_handler.go:85.61,88.3 2 0
job-statistics-api/internal/handlers/job_handler.go:90.2,91.44 2 1
job-statistics-api/internal/handlers/job_handler.go:91.44,94.3 2 1
job-statistics-api/internal/handlers/job_handler.go:96.2,97.32 2 1
job-statistics-api/internal/handlers/job_handler.go:101.69,104.16 3 1
job-statistics-api/internal/handlers/job_handler.go:104.16,107.3 2 1
job-statistics-api/internal/handlers/job_handler.go:109.2,109.42 1 1
job-statistics-api/internal/handlers/job_handler.go:109.42,112.3 2 1
job-statistics-api/internal/handlers/job_handler.go:114.2,114.37 1 1
job-statistics-api/internal/handlers/skill_location_handler.go:18.70,20.2 1 0
job-statistics-api/internal/handlers/skill_location_handler.go:22.71,24.16 2 0
job-statistics-api/internal/handlers/skill_location_handler.go:24.16,27.3 2 0
job-statistics-api/internal/handlers/skill_location_handler.go:28.2,29.35 2 0
job-statistics-api/internal/handlers/skill_location_handler.go:32.72,35.16 3 0
job-statistics-api/internal/handlers/skill_location_handler.go:35.16,38.3 2 0
job-statistics-api/internal/handlers/skill_location_handler.go:40.2,41.16 2 0
job-statistics-api/internal/handlers/skill_location_handler.go:41.16,42.27 1 0
job-statistics-api/internal/handlers/skill_location_handler.go:42.27,45.4 2 0
job-statistics-api/internal/handlers/skill_location_handler.go:46.3,47.9 2 0
job-statistics-api/internal/handlers/skill_location_handler.go:50.2,51.34 2 0
job-statistics-api/internal/handlers/skill_location_handler.go:54.71,56.63 2 0
job-statistics-api/internal/handlers/skill_location_handler.go:56.63,59.3 2 0
job-statistics-api/internal/handlers/skill_location_handler.go:61.2,61.46 1 0
job-statistics-api/internal/handlers/skill_location_handler.go:61.46,64.3 2 0
job-statistics-api/internal/handlers/skill_location_handler.go:66.2,68.34 3 0
job-statistics-api/internal/handlers/skill_location_handler.go:71.71,74.16 3 0
job-statistics-api/internal/handlers/skill_location_handler.go:74.16,77.3 2 0
job-statistics-api/internal/handlers/skill_location_handler.go:79.2,80.63 2 0
job-statistics-api/internal/handlers/skill_location_handler.go:80.63,83.3 2 0
job-statistics-api/internal/handlers/skill_location_handler.go:85.2,86.46 2 0
job-statistics-api/internal/handlers/skill_location_handler.go:86.46,89.3 2 0
job-statistics-api/internal/handlers/skill_location_handler.go:91.2,92.34 2 0
job-statistics-api/internal/handlers/skill_location_handler.go:95.71,98.16 3 0
job-statistics-api/internal/handlers/skill_location_handler.go:98.16,101.3 2 0
job-statistics-api/internal/handlers/skill_location_handler.go:103.2,103.42 1 0
job-statistics-api/internal/handlers/skill_location_handler.go:103.42,106.3 2 0
job-statistics-api/internal/handlers/skill_location_handler.go:108.2,108.37 1 0
job-statistics-api/internal/handlers/skill_location_handler.go:116.79,118.2 1 0
job-statistics-api/internal/handlers/skill_location_handler.go:120.74,122.16 2 0
job-statistics-api/internal/handlers/skill_location_handler.go:122.16,125.3 2 0
job-statistics-api/internal/handlers/skill_location_handler.go:126.2,127.38 2 0
job-statistics-api/internal/handlers/skill_location_handler.go:130.78,133.16 3 0
job-statistics-api/internal/handlers/skill_location_handler.go:133.16,136.3 2 0
job-statistics-api/internal/handlers/skill_location_handler.go:138.2,139.16 2 0
job-statistics-api/internal/handlers/skill_location_handler.go:139.16,142.3 2 0
job-statistics-api/internal/handlers/skill_location_handler.go:144.2,145.38 2 0
job-statistics-api/internal/handlers/skill_location_handler.go:148.74,150.66 2 0
job-statistics-api/internal/handlers/skill_location_handler.go:150.66,153.3 2 0
job-statistics-api/internal/handlers/skill_location_handler.go:155.2,155.49 1 0
job-statistics-api/internal/handlers/skill_location_handler.go:155.49,158.3 2 0
job-statistics-api/internal/handlers/skill_location_handler.go:160.2,162.37 3 0
job-statistics-api/internal/handlers/skill_location_handler.go:165.74,168.16 3 0
job-statistics-api/internal/handlers/skill_location_handler.go:168.16,171.3 2 0
job-statistics-api/internal/handlers/skill_location_handler.go:173.2,174.66 2 0
job-statistics-api/internal/handlers/skill_location_handler.go:174.66,177.3 2 0
job-statistics-api/internal/handlers/skill_location_handler.go:179.2,180.49 2 0
job-statistics-api/internal/handlers/skill_location_handler.go:180.49,183.3 2 0
job-statistics-api/internal/handlers/skill_location_handler.go:185.2,186.37 2 0
job-statistics-api/internal/handlers/skill_location_handler.go:189.74,192.16 3 0
job-statistics-api/internal/handlers/skill_location_handler.go:192.16,195.3 2 0
job-statistics-api/internal/handlers/skill_location_handler.go:197.2,197.42 1 0
job-statistics-api/internal/handlers/skill_location_handler.go:197.42,200.3 2 0
job-statistics-api/internal/handlers/skill_location_handler.go:202.2,202.37 1 0
job-statistics-api/internal/handlers/stats_handler.go:14.70,16.2 1 0
job-statistics-api/internal/handlers/stats_handler.go:19.77,22.20 3 0
job-statistics-api/internal/handlers/stats_handler.go:22.20,23.60 1 0
job-statistics-api/internal/handlers/stats_handler.go:23.60,25.4 1 0
job-statistics-api/internal/handlers/stats_handler.go:28.2,29.16 2 0
job-statistics-api/internal/handlers/stats_handler.go:29.16,32.3 2 0
job-statistics-api/internal/handlers/stats_handler.go:34.2,35.35 2 0
job-statistics-api/internal/handlers/stats_handler.go:39.81,42.21 3 0
job-statistics-api/internal/handlers/stats_handler.go:42.21,43.63 1 0
job-statistics-api/internal/handlers/stats_handler.go:43.63,45.4 1 0
job-statistics-api/internal/handlers/stats_handler.go:48.2,49.16 2 0
job-statistics-api/internal/handlers/stats_handler.go:49.16,52.3 2 0
job-statistics-api/internal/handlers/stats_handler.go:54.2,55.37 2 0
job-statistics-api/internal/handlers/stats_handler.go:59.81,61.16 2 0
job-statistics-api/internal/handlers/stats_handler.go:61.16,64.3 2 0
job-statistics-api/internal/handlers/stats_handler.go:66.2,67.35 2 0
job-statistics-api/internal/handlers/stats_handler.go:71.80,73.16 2 0
job-statistics-api/internal/handlers/stats_handler.go:73.16,76.3 2 0
job-statistics-api/internal/handlers/stats_handler.go:78.2,79.34 2 0
job-statistics-api/internal/handlers/stats_handler.go:83.81,85.16 2 0
job-statistics-api/internal/handlers/stats_handler.go:85.16,88.3 2 0
job-statistics-api/internal/handlers/stats_handler.go:90.2,91.34 2 0
job-statistics-api/internal/handlers/stats_handler.go:95.81,97.16 2 0
job-statistics-api/internal/handlers/stats_handler.go:97.16,100.3 2 0
job-statistics-api/internal/handlers/stats_handler.go:102.2,103.34 2 0
